# JRE version: OpenJDK Runtime Environment (11.0.10) (build 11.0.10+0-b96-7249189)
# Java VM: OpenJDK 64-Bit Server VM (11.0.10+0-b96-7249189, mixed mode, tiered, compressed oops, g1 gc, windows-amd64)
Heap:
 garbage-first heap   total 260096K, used 102680K [0x0000000080000000, 0x0000000100000000)
  region size 1024K, 60 young (61440K), 12 survivors (12288K)
 Metaspace       used 75707K, capacity 77568K, committed 77824K, reserved 1116160K
  class space    used 9880K, capacity 10555K, committed 10572K, reserved 1048576K
GC Heap History (16 events):
Event: 0.844 GC heap before
{Heap before GC invocations=0 (full 0):
 garbage-first heap   total 260096K, used 29696K [0x0000000080000000, 0x0000000100000000)
  region size 1024K, 24 young (24576K), 0 survivors (0K)
 Metaspace       used 9797K, capacity 9986K, committed 10112K, reserved 1058816K
  class space    used 1022K, capacity 1102K, committed 1152K, reserved 1048576K
}
Event: 0.850 GC heap after
{Heap after GC invocations=1 (full 0):
 garbage-first heap   total 260096K, used 9295K [0x0000000080000000, 0x0000000100000000)
  region size 1024K, 3 young (3072K), 3 survivors (3072K)
 Metaspace       used 9797K, capacity 9986K, committed 10112K, reserved 1058816K
  class space    used 1022K, capacity 1102K, committed 1152K, reserved 1048576K
}
Event: 2.896 GC heap before
{Heap before GC invocations=1 (full 0):
 garbage-first heap   total 260096K, used 104527K [0x0000000080000000, 0x0000000100000000)
  region size 1024K, 97 young (99328K), 3 survivors (3072K)
 Metaspace       used 20594K, capacity 21136K, committed 21248K, reserved 1067008K
  class space    used 2524K, capacity 2727K, committed 2816K, reserved 1048576K
}
Event: 2.904 GC heap after
{Heap after GC invocations=2 (full 0):
 garbage-first heap   total 260096K, used 16246K [0x0000000080000000, 0x0000000100000000)
  region size 1024K, 10 young (10240K), 10 survivors (10240K)
 Metaspace       used 20594K, capacity 21136K, committed 21248K, reserved 1067008K
  class space    used 2524K, capacity 2727K, committed 2816K, reserved 1048576K
}
Event: 3.096 GC heap before
{Heap before GC invocations=3 (full 0):
 garbage-first heap   total 260096K, used 36726K [0x0000000080000000, 0x0000000100000000)
  region size 1024K, 31 young (31744K), 10 survivors (10240K)
 Metaspace       used 22269K, capacity 22768K, committed 23040K, reserved 1069056K
  class space    used 2841K, capacity 3040K, committed 3072K, reserved 1048576K
}
Event: 3.102 GC heap after
{Heap after GC invocations=4 (full 0):
 garbage-first heap   total 260096K, used 17312K [0x0000000080000000, 0x0000000100000000)
  region size 1024K, 2 young (2048K), 2 survivors (2048K)
 Metaspace       used 22269K, capacity 22768K, committed 23040K, reserved 1069056K
  class space    used 2841K, capacity 3040K, committed 3072K, reserved 1048576K
}
Event: 4.070 GC heap before
{Heap before GC invocations=4 (full 0):
 garbage-first heap   total 260096K, used 95136K [0x0000000080000000, 0x0000000100000000)
  region size 1024K, 78 young (79872K), 2 survivors (2048K)
 Metaspace       used 30958K, capacity 31650K, committed 31872K, reserved 1077248K
  class space    used 4146K, capacity 4407K, committed 4480K, reserved 1048576K
}
Event: 4.074 GC heap after
{Heap after GC invocations=5 (full 0):
 garbage-first heap   total 260096K, used 20388K [0x0000000080000000, 0x0000000100000000)
  region size 1024K, 5 young (5120K), 5 survivors (5120K)
 Metaspace       used 30958K, capacity 31650K, committed 31872K, reserved 1077248K
  class space    used 4146K, capacity 4407K, committed 4480K, reserved 1048576K
}
Event: 4.338 GC heap before
{Heap before GC invocations=5 (full 0):
 garbage-first heap   total 260096K, used 29604K [0x0000000080000000, 0x0000000100000000)
  region size 1024K, 16 young (16384K), 5 survivors (5120K)
 Metaspace       used 35029K, capacity 35830K, committed 35840K, reserved 1081344K
  class space    used 4539K, capacity 4864K, committed 4864K, reserved 1048576K
}
Event: 4.345 GC heap after
{Heap after GC invocations=6 (full 0):
 garbage-first heap   total 260096K, used 21720K [0x0000000080000000, 0x0000000100000000)
  region size 1024K, 6 young (6144K), 6 survivors (6144K)
 Metaspace       used 35029K, capacity 35830K, committed 35840K, reserved 1081344K
  class space    used 4539K, capacity 4864K, committed 4864K, reserved 1048576K
}
Event: 5.837 GC heap before
{Heap before GC invocations=7 (full 0):
 garbage-first heap   total 260096K, used 148696K [0x0000000080000000, 0x0000000100000000)
  region size 1024K, 127 young (130048K), 6 survivors (6144K)
 Metaspace       used 45059K, capacity 46176K, committed 46412K, reserved 1089536K
  class space    used 5792K, capacity 6193K, committed 6220K, reserved 1048576K
}
Event: 5.847 GC heap after
{Heap after GC invocations=8 (full 0):
 garbage-first heap   total 260096K, used 28959K [0x0000000080000000, 0x0000000100000000)
  region size 1024K, 13 young (13312K), 13 survivors (13312K)
 Metaspace       used 45059K, capacity 46176K, committed 46412K, reserved 1089536K
  class space    used 5792K, capacity 6193K, committed 6220K, reserved 1048576K
}
Event: 8.865 GC heap before
{Heap before GC invocations=8 (full 0):
 garbage-first heap   total 260096K, used 162079K [0x0000000080000000, 0x0000000100000000)
  region size 1024K, 141 young (144384K), 13 survivors (13312K)
 Metaspace       used 58520K, capacity 60076K, committed 60288K, reserved 1101824K
  class space    used 7439K, capacity 8010K, committed 8140K, reserved 1048576K
}
Event: 8.896 GC heap after
{Heap after GC invocations=9 (full 0):
 garbage-first heap   total 260096K, used 43957K [0x0000000080000000, 0x0000000100000000)
  region size 1024K, 19 young (19456K), 19 survivors (19456K)
 Metaspace       used 58520K, capacity 60076K, committed 60288K, reserved 1101824K
  class space    used 7439K, capacity 8010K, committed 8140K, reserved 1048576K
}
Event: 12.659 GC heap before
{Heap before GC invocations=10 (full 0):
 garbage-first heap   total 260096K, used 180149K [0x0000000080000000, 0x0000000100000000)
  region size 1024K, 152 young (155648K), 19 survivors (19456K)
 Metaspace       used 70549K, capacity 72334K, committed 72576K, reserved 1112064K
  class space    used 9189K, capacity 9812K, committed 9932K, reserved 1048576K
}
Event: 12.681 GC heap after
{Heap after GC invocations=11 (full 0):
 garbage-first heap   total 260096K, used 54552K [0x0000000080000000, 0x0000000100000000)
  region size 1024K, 12 young (12288K), 12 survivors (12288K)
 Metaspace       used 70549K, capacity 72334K, committed 72576K, reserved 1112064K
  class space    used 9189K, capacity 9812K, committed 9932K, reserved 1048576K
}

